This is pdfTeX, Version 3.1415926-2.5-1.40.14 (TeX Live 2013/Debian) (format=latex 2014.9.27)  31 OCT 2014 08:36
entering extended mode
 restricted \write18 enabled.
 %&-line parsing enabled.
**\makeatletter\def\HCode{\futurelet\HCode\HChar}\def\HChar{\ifx"\HCode\def\HCo
de"##1"{\Link##1}\expandafter\HCode\else\expandafter\Link\fi}\def\Link#1.a.b.c.
{\g@addto@macro\@documentclasshook{\RequirePackage[#1,html]{tex4ht}}\let\HCode\
documentstyle\def\documentstyle{\let\documentstyle\HCode\expandafter\def\csname
 tex4ht\endcsname{#1,html}\def\HCode####1{\documentstyle[tex4ht,}\@ifnextchar[{
\HCode}{\documentstyle[tex4ht]}}}\makeatother\HCode xhtml,jsmath.a.b.c.\input  
file
(./method.tex (/usr/share/texlive/texmf-dist/tex/latex/base/article.cls
Document Class: article 2007/10/19 v1.4h Standard LaTeX document class
(/usr/share/texlive/texmf-dist/tex/latex/base/size10.clo
File: size10.clo 2007/10/19 v1.4h Standard LaTeX file (size option)
)
\c@part=\count79
\c@section=\count80
\c@subsection=\count81
\c@subsubsection=\count82
\c@paragraph=\count83
\c@subparagraph=\count84
\c@figure=\count85
\c@table=\count86
\abovecaptionskip=\skip41
\belowcaptionskip=\skip42
\bibindent=\dimen102
)
(/usr/share/texmf/tex/generic/tex4ht/tex4ht.sty
version 2008-10-27-17:23
Package: tex4ht 
--------------------------------------
--- Note --- for _ at preamble, use the command line option `early_'
--------------------------------------
--------------------------------------
--- Note --- for ^ at preamble, use the command line option `early^'
--------------------------------------
\tmp:toks=\toks14
)
(/usr/share/texmf/tex/generic/tex4ht/usepackage.4ht
version 2009-05-21-09:32
)
(/usr/share/texlive/texmf-dist/tex/latex/natbib/natbib.sty
Package: natbib 2010/09/13 8.31b (PWD, AO)
\bibhang=\skip43
\bibsep=\skip44
LaTeX Info: Redefining \cite on input line 694.
\c@NAT@ctr=\count87
)
(/usr/share/texlive/texmf-dist/tex/latex/amsfonts/amssymb.sty
Package: amssymb 2013/01/14 v3.01 AMS font symbols

(/usr/share/texlive/texmf-dist/tex/latex/amsfonts/amsfonts.sty
Package: amsfonts 2013/01/14 v3.01 Basic AMSFonts support
\@emptytoks=\toks15
\symAMSa=\mathgroup4
\symAMSb=\mathgroup5
LaTeX Font Info:    Overwriting math alphabet `\mathfrak' in version `bold'
(Font)                  U/euf/m/n --> U/euf/b/n on input line 106.
))
(/usr/share/texmf/tex/generic/tex4ht/tex4ht.4ht
version 2009-01-07-07:11
--------------------------------------
--- Note --- for additional information, use the command line option `info'
--------------------------------------

::::::::::::::::::::::::::::::::::::::::::
 TeX4ht info is available in the log file 
::::::::::::::::::::::::::::::::::::::::::
) (/usr/share/texmf/tex/generic/tex4ht/tex4ht.sty
version 2008-10-27-17:23

--- needs --- tex4ht method ---
\tmp:cnt=\count88
\openout15 = `method.tmp'.

(./method.tmp)
\tmp:dim=\skip45
 (./method.xref)
\:refout=\write3
\openout3 = `method.xref'.

 (/usr/share/texmf/tex/generic/tex4ht/html4.4ht
version 2009-05-18-23:01
--------------------------------------
--- Note --- to remove the <?xml version=...?> processing instruction use the c
ommand line option `no-VERSION'
--------------------------------------
--------------------------------------
--- Note --- to remove the DOCTYPE declaration use the command line option `no-
DOCTYPE'
--------------------------------------
)
(/usr/share/texmf/tex/generic/tex4ht/unicode.4ht
version 2009-02-23-20:45
)
(/usr/share/texmf/tex/generic/tex4ht/html4-uni.4ht)
(/usr/share/texmf/tex/generic/tex4ht/mathltx.4ht
version 2009-04-12-00:44
)
(/usr/share/texmf/tex/generic/tex4ht/html-mltx.4ht
version 2009-04-12-00:44
)
(/usr/share/texmf/tex/generic/tex4ht/jsmath.4ht
version 2008-06-11-11:36
)
(/usr/share/texmf/tex/generic/tex4ht/html-jsmath.4ht
version 2008-06-11-11:36
)
--------------------------------------
--- Note --- for marking of the base font, use the command line option `fonts+'

--------------------------------------
--------------------------------------
--- Note --- for non active _, use the command line option `no_'
--------------------------------------
--------------------------------------
--- Note --- for _ of catcode 13, use the command line option `_13'
--------------------------------------
--------------------------------------
--- Note --- for non active ^, use the command line option `no^'
--------------------------------------
--------------------------------------
--- Note --- for ^ of catcode 13, use the command line option `^13'
--------------------------------------

(/usr/share/texmf/tex/generic/tex4ht/html4.4ht
version 2009-05-18-23:01
--------------------------------------
--- Note --- for alternative charset, use the command line option `charset=...'

--------------------------------------
--------------------------------------
--- Note --- to ignore CSS font decoration, use the `NoFonts' command line opti
on
--------------------------------------
--------------------------------------
--- Note --- for jpg bitmaps of pictures, use the `jpg' command line option. (C
haracter bitmaps are controled only by `g' records of tex4ht.env and `-g' switc
hes of tex4ht.c) 
--------------------------------------
--------------------------------------
--- Note --- for gif bitmaps of pictures, use the `gif' command line option. (C
haracter bitmaps are controled only by `g' records of tex4ht.env and `-g' switc
hes of tex4ht.c) 
--------------------------------------
--------------------------------------
--- Note --- for content and toc in 2 frames, use the command line option `fram
es'
--------------------------------------
--------------------------------------
--- Note --- for content, toc, and footnotes in 3 frames, use the command line 
option `frames-fn'
--------------------------------------
--------------------------------------
--- Note --- for file extension name xht, use the command line option `xht'
--------------------------------------
TeX4ht package options: xhtml,jsmath,html
--------------------------------------
--- Note --- to ignore CSS code, use the command line option `-css
--------------------------------------
--------------------------------------
--- Note --- for inline CSS code, use the command line option `css-in'
--------------------------------------
--------------------------------------
--- Note --- for pop ups on mouse over, use the command line option `mouseover'

--------------------------------------
--------------------------------------
--- Note --- for addressing images in a subdirectory, use the command line opti
on `imgdir:.../'
--------------------------------------
)
(/usr/share/texmf/tex/generic/tex4ht/unicode.4ht
version 2009-02-23-20:45
)
(/usr/share/texmf/tex/generic/tex4ht/html4-uni.4ht)
(/usr/share/texmf/tex/generic/tex4ht/mathltx.4ht
version 2009-04-12-00:44
)
(/usr/share/texmf/tex/generic/tex4ht/html-mltx.4ht
version 2009-04-12-00:44
)
(/usr/share/texmf/tex/generic/tex4ht/jsmath.4ht
version 2008-06-11-11:36
--------------------------------------
--- Note --- The `easy-load' command line option offers an alternative loading 
approach of jsMath version 3.4 or above
--------------------------------------
)
(/usr/share/texmf/tex/generic/tex4ht/html-jsmath.4ht
version 2008-06-11-11:36
)
\:tokwrite=\toks16
\:tokpage=\toks17
--------------------------------------
--- Note --- for back links to toc, use the command line option `sections+'
--------------------------------------
--------------------------------------
--- Note --- for linear crosslinks of pages, use the command line option `next'

--------------------------------------
\openout15 = `method.4ct'.

\:tocout=\write4
\openout4 = `method.4tc'.


(/usr/share/texmf/tex/generic/tex4ht/html4.4ht
version 2009-05-18-23:01
)
(/usr/share/texmf/tex/generic/tex4ht/unicode.4ht
version 2009-02-23-20:45
)
(/usr/share/texmf/tex/generic/tex4ht/html4-uni.4ht)
(/usr/share/texmf/tex/generic/tex4ht/mathltx.4ht
version 2009-04-12-00:44
)
(/usr/share/texmf/tex/generic/tex4ht/html-mltx.4ht
version 2009-04-12-00:44
)
(/usr/share/texmf/tex/generic/tex4ht/jsmath.4ht
version 2008-06-11-11:36
)
(/usr/share/texmf/tex/generic/tex4ht/html-jsmath.4ht
version 2008-06-11-11:36
)
(/usr/share/texmf/tex/generic/tex4ht/latex.4ht
version 2009-05-21-09:32
--------------------------------------
--- Note --- for links into captions, instead of float heads, use the command l
ine option `refcaption'
--------------------------------------

(/usr/share/texmf/tex/generic/tex4ht/html4.4ht
version 2009-05-18-23:01
--------------------------------------
--- Note --- For mini tocs immediately aftter the header use the command line o
ption `minitoc<'
--------------------------------------
--------------------------------------
--- Note --- for enumerated list elements with valued data, use the command lin
e option `enumerate+'
--------------------------------------
--------------------------------------
--- Note --- for enumerated list elements li's with value attributes, use the c
ommand line option `enumerate-'
--------------------------------------
--------------------------------------
--- Note --- for CSS2 code, use the command line option `css2'
--------------------------------------
--------------------------------------
--- Note --- for pictorial tabular, use the command line option `pic-tabular'
--------------------------------------
--------------------------------------
--- Note --- for bitmap fbox'es, use the command line option `pic-fbox'
--------------------------------------
--------------------------------------
--- Note --- for bitmap framebox'es, use the command line option `pic-framebox'

--------------------------------------
--------------------------------------
--- Note --- for inline footnotes use command line option `fn-in'
--------------------------------------
--------------------------------------
--- Note --- for tracing of latex font commands, use the command line option `f
onts'
--------------------------------------
--------------------------------------
--- Note --- for width specifications of tabular p entries, use the `p-width' c
ommand line option or a configuration similar to \Configure{HColWidth}{\HCode{ 
style="width:\HColWidth"}}
--------------------------------------
)
(/usr/share/texmf/tex/generic/tex4ht/unicode.4ht
version 2009-02-23-20:45
)
(/usr/share/texmf/tex/generic/tex4ht/html4-uni.4ht)
(/usr/share/texmf/tex/generic/tex4ht/mathltx.4ht
version 2009-04-12-00:44
)
(/usr/share/texmf/tex/generic/tex4ht/html-mltx.4ht
version 2009-04-12-00:44
)
(/usr/share/texmf/tex/generic/tex4ht/jsmath.4ht
version 2008-06-11-11:36
)
(/usr/share/texmf/tex/generic/tex4ht/html-jsmath.4ht
version 2008-06-11-11:36
))
(/usr/share/texmf/tex/generic/tex4ht/fontmath.4ht
version 2009-05-21-09:32

(/usr/share/texmf/tex/generic/tex4ht/html4.4ht
version 2009-05-18-23:01
)
(/usr/share/texmf/tex/generic/tex4ht/unicode.4ht
version 2009-02-23-20:45
)
(/usr/share/texmf/tex/generic/tex4ht/html4-uni.4ht)
(/usr/share/texmf/tex/generic/tex4ht/mathltx.4ht
version 2009-04-12-00:44
LaTeX Font Info:    Try loading font information for U+msa on input line 972.

(/usr/share/texlive/texmf-dist/tex/latex/amsfonts/umsa.fd
File: umsa.fd 2013/01/14 v3.01 AMS symbols A
)
LaTeX Font Info:    Try loading font information for U+msb on input line 972.

(/usr/share/texlive/texmf-dist/tex/latex/amsfonts/umsb.fd
File: umsb.fd 2013/01/14 v3.01 AMS symbols B
) [1

] [2] [3] [4]
[5] [6] [7] [8] [9] [10] [11] [12] [13] [14] [15] [16] [17] [18]
--------------------------------------
--- Note --- for sources failing to produce clean mathltx code, try the command
 line option `mathltx-'
--------------------------------------
)
(/usr/share/texmf/tex/generic/tex4ht/html-mltx.4ht
version 2009-04-12-00:44
)
(/usr/share/texmf/tex/generic/tex4ht/jsmath.4ht
version 2008-06-11-11:36
)
(/usr/share/texmf/tex/generic/tex4ht/html-jsmath.4ht
version 2008-06-11-11:36
))
(/usr/share/texmf/tex/generic/tex4ht/article.4ht
version 2009-05-21-09:32

(/usr/share/texmf/tex/generic/tex4ht/html4.4ht
version 2009-05-18-23:01
--------------------------------------
--- Note --- for automatic sectioning pagination, use the command line option `
1', `2', `3', '4', '5', '6', or '7'
--------------------------------------
--------------------------------------
--- Note --- for files named derived from section titles, use the command line 
option `sec-filename'
--------------------------------------
--------------------------------------
--- Note --- for i-columns index, use the command line option `index=i' (e.g., 
index=2)
--------------------------------------
)
(/usr/share/texmf/tex/generic/tex4ht/unicode.4ht
version 2009-02-23-20:45
)
(/usr/share/texmf/tex/generic/tex4ht/html4-uni.4ht)
(/usr/share/texmf/tex/generic/tex4ht/mathltx.4ht
version 2009-04-12-00:44
)
(/usr/share/texmf/tex/generic/tex4ht/html-mltx.4ht
version 2009-04-12-00:44
)
(/usr/share/texmf/tex/generic/tex4ht/jsmath.4ht
version 2008-06-11-11:36
)
(/usr/share/texmf/tex/generic/tex4ht/html-jsmath.4ht
version 2008-06-11-11:36
))
(/usr/share/texmf/tex/generic/tex4ht/natbib.4ht
version 2009-05-21-09:32

(/usr/share/texmf/tex/generic/tex4ht/html4.4ht
version 2009-05-18-23:01
)
(/usr/share/texmf/tex/generic/tex4ht/unicode.4ht
version 2009-02-23-20:45
)
(/usr/share/texmf/tex/generic/tex4ht/html4-uni.4ht)
(/usr/share/texmf/tex/generic/tex4ht/mathltx.4ht
version 2009-04-12-00:44
)
(/usr/share/texmf/tex/generic/tex4ht/html-mltx.4ht
version 2009-04-12-00:44
)
(/usr/share/texmf/tex/generic/tex4ht/jsmath.4ht
version 2008-06-11-11:36
)
(/usr/share/texmf/tex/generic/tex4ht/html-jsmath.4ht
version 2008-06-11-11:36
))
(/usr/share/texmf/tex/generic/tex4ht/amssymb.4ht
version 2009-05-21-09:32

(/usr/share/texmf/tex/generic/tex4ht/html4.4ht
version 2009-05-18-23:01
)
(/usr/share/texmf/tex/generic/tex4ht/unicode.4ht
version 2009-02-23-20:45
)
(/usr/share/texmf/tex/generic/tex4ht/html4-uni.4ht)
(/usr/share/texmf/tex/generic/tex4ht/mathltx.4ht
version 2009-04-12-00:44
 [19] [20] [21] [22] [23]
[24] [25] [26] [27] [28] [29] [30] [31] [32] [33] [34] [35] [36] [37] [38]
[39] [40] [41] [42] [43] [44] [45] [46] [47] [48] [49] [50] [51] [52] [53]
[54] [55] [56] [57] [58] [59] [60] [61] [62] [63] [64] [65] [66] [67] [68]
[69] [70] [71] [72] [73] [74] [75] [76] [77] [78] [79] [80] [81] [82] [83]
[84] [85] [86] [87] [88] [89] [90] [91] [92] [93] [94] [95] [96] [97] [98]
[99] [100] [101] [102] [103] [104] [105] [106] [107] [108] [109] [110] [111]
[112] [113] [114] [115] [116] [117] [118] [119] [120] [121] [122] [123]
[124] [125] [126] [127] [128] [129] [130] [131] [132] [133] [134] [135]
[136] [137] [138] [139] [140] [141] [142] [143] [144] [145] [146] [147]
[148] [149] [150] [151] [152] [153] [154] [155] [156] [157] [158] [159]
[160] [161] [162] [163] [164] [165] [166] [167] [168] [169] [170] [171]
[172] [173] [174] [175] [176] [177] [178] [179] [180] [181] [182] [183]
[184] [185] [186] [187] [188] [189] [190] [191] [192] [193] [194] [195]
[196]) (/usr/share/texmf/tex/generic/tex4ht/html-mltx.4ht
version 2009-04-12-00:44
)
(/usr/share/texmf/tex/generic/tex4ht/jsmath.4ht
version 2008-06-11-11:36
)
(/usr/share/texmf/tex/generic/tex4ht/html-jsmath.4ht
version 2008-06-11-11:36
))
(/usr/share/texmf/tex/generic/tex4ht/amsfonts.4ht
version 2009-05-21-09:32

(/usr/share/texmf/tex/generic/tex4ht/html4.4ht
version 2009-05-18-23:01
)
(/usr/share/texmf/tex/generic/tex4ht/unicode.4ht
version 2009-02-23-20:45
)
(/usr/share/texmf/tex/generic/tex4ht/html4-uni.4ht)
(/usr/share/texmf/tex/generic/tex4ht/mathltx.4ht
version 2009-04-12-00:44
)
(/usr/share/texmf/tex/generic/tex4ht/html-mltx.4ht
version 2009-04-12-00:44
)
(/usr/share/texmf/tex/generic/tex4ht/jsmath.4ht
version 2008-06-11-11:36
)
(/usr/share/texmf/tex/generic/tex4ht/html-jsmath.4ht
version 2008-06-11-11:36
))
(/usr/share/texmf/tex/generic/tex4ht/html4.4ht
version 2009-05-18-23:01
)
(/usr/share/texmf/tex/generic/tex4ht/unicode.4ht
version 2009-02-23-20:45
)
(/usr/share/texmf/tex/generic/tex4ht/html4-uni.4ht)
(/usr/share/texmf/tex/generic/tex4ht/mathltx.4ht
version 2009-04-12-00:44
)
(/usr/share/texmf/tex/generic/tex4ht/html-mltx.4ht
version 2009-04-12-00:44
)
(/usr/share/texmf/tex/generic/tex4ht/jsmath.4ht
version 2008-06-11-11:36
)
(/usr/share/texmf/tex/generic/tex4ht/html-jsmath.4ht
version 2008-06-11-11:36
)) (./method.aux)
\openout1 = `method.aux'.

LaTeX Font Info:    Checking defaults for OML/cmm/m/it on input line 3.
LaTeX Font Info:    ... okay on input line 3.
LaTeX Font Info:    Checking defaults for T1/cmr/m/n on input line 3.
LaTeX Font Info:    ... okay on input line 3.
LaTeX Font Info:    Checking defaults for OT1/cmr/m/n on input line 3.
LaTeX Font Info:    ... okay on input line 3.
LaTeX Font Info:    Checking defaults for OMS/cmsy/m/n on input line 3.
LaTeX Font Info:    ... okay on input line 3.
LaTeX Font Info:    Checking defaults for OMX/cmex/m/n on input line 3.
LaTeX Font Info:    ... okay on input line 3.
LaTeX Font Info:    Checking defaults for U/cmr/m/n on input line 3.
LaTeX Font Info:    ... okay on input line 3.
--- file method.css ---
 [1]
[2] [3] [4] (./method.bbl) [5] [6] (./method.aux) ) 
Here is how much of TeX's memory you used:
 4701 strings out of 493305
 53137 string characters out of 6139897
 232782 words of memory out of 5000000
 8036 multiletter control sequences out of 15000+600000
 6458 words of font info for 26 fonts, out of 8000000 for 9000
 957 hyphenation exceptions out of 8191
 34i,14n,33p,632b,361s stack positions out of 5000i,500n,10000p,200000b,80000s

Output written on method.dvi (202 pages, 88396 bytes).
